2024-12-05 00:48:31.244 [main] INFO  com.hospital.data.DataManager - Adding doctor: Dr. John Smith
2024-12-05 00:48:31.248 [main] INFO  com.hospital.data.DataManager - Adding patient: Jane Doe with ID: 2 to patients map
2024-12-05 00:48:31.249 [main] INFO  com.hospital.data.DataManager - Adding patient: Jane Doe with ID: 2 to users map
2024-12-05 00:48:31.249 [main] INFO  com.hospital.data.DataManager - Successfully added patient to both maps
2024-12-05 00:48:31.249 [main] INFO  com.hospital.data.DataManager - Adding pharmacist: Bob Wilson
2024-12-05 00:48:31.249 [main] INFO  com.hospital.data.DataManager - Adding IT support: Mike Brown
2024-12-05 00:48:31.250 [main] INFO  com.hospital.data.DataManager - Adding dietician: Sarah Johnson
2024-12-05 00:48:31.250 [main] INFO  com.hospital.data.DataManager - Adding hospital: City General Hospital
2024-12-05 00:48:43.770 [AWT-EventQueue-0] INFO  com.hospital.security.AuthService - Attempting login for user: patient
2024-12-05 00:48:45.520 [AWT-EventQueue-0] INFO  com.hospital.views.BaseDashboard - User patient logged out
2024-12-05 11:34:27.174 [main] INFO  com.hospital.data.DataManager - Adding doctor: Dr. John Smith
2024-12-05 11:34:27.175 [main] INFO  com.hospital.data.DataManager - Adding patient: Jane Doe with ID: 2 to patients map
2024-12-05 11:34:27.175 [main] INFO  com.hospital.data.DataManager - Adding patient: Jane Doe with ID: 2 to users map
2024-12-05 11:34:27.175 [main] INFO  com.hospital.data.DataManager - Successfully added patient to both maps
2024-12-05 11:34:27.176 [main] INFO  com.hospital.data.DataManager - Adding pharmacist: Bob Wilson
2024-12-05 11:34:27.176 [main] INFO  com.hospital.data.DataManager - Adding IT support: Mike Brown
2024-12-05 11:34:27.176 [main] INFO  com.hospital.data.DataManager - Adding dietician: Sarah Johnson
2024-12-05 11:34:27.176 [main] INFO  com.hospital.data.DataManager - Adding hospital: City General Hospital
2024-12-05 11:34:34.740 [AWT-EventQueue-0] INFO  com.hospital.security.AuthService - Attempting login for user: doctor
2024-12-05 11:34:35.880 [AWT-EventQueue-0] INFO  com.hospital.views.BaseDashboard - User doctor logged out
2024-12-05 11:45:56.428 [main] INFO  com.hospital.data.DataManager - Adding doctor: Dr. John Smith
2024-12-05 11:45:56.430 [main] INFO  com.hospital.data.DataManager - Adding patient: Jane Doe with ID: 2 to patients map
2024-12-05 11:45:56.430 [main] INFO  com.hospital.data.DataManager - Adding patient: Jane Doe with ID: 2 to users map
2024-12-05 11:45:56.430 [main] INFO  com.hospital.data.DataManager - Successfully added patient to both maps
2024-12-05 11:45:56.430 [main] INFO  com.hospital.data.DataManager - Adding pharmacist: Bob Wilson
2024-12-05 11:45:56.431 [main] INFO  com.hospital.data.DataManager - Adding IT support: Mike Brown
2024-12-05 11:45:56.431 [main] INFO  com.hospital.data.DataManager - Adding dietician: Sarah Johnson
2024-12-05 11:45:56.431 [main] INFO  com.hospital.data.DataManager - Adding hospital: City General Hospital
2024-12-05 11:46:04.605 [AWT-EventQueue-0] INFO  com.hospital.security.AuthService - Attempting login for user: doctor
2024-12-05 11:46:16.913 [AWT-EventQueue-0] INFO  com.hospital.views.BaseDashboard - User doctor logged out
2024-12-05 15:09:31.541 [main] INFO  com.hospital.data.DataManager - Adding doctor: Dr. John Smith
2024-12-05 15:09:31.543 [main] INFO  com.hospital.data.DataManager - Adding patient: Jane Doe with ID: 2 to patients map
2024-12-05 15:09:31.543 [main] INFO  com.hospital.data.DataManager - Adding patient: Jane Doe with ID: 2 to users map
2024-12-05 15:09:31.543 [main] INFO  com.hospital.data.DataManager - Successfully added patient to both maps
2024-12-05 15:09:31.543 [main] INFO  com.hospital.data.DataManager - Adding pharmacist: Bob Wilson
2024-12-05 15:09:31.543 [main] INFO  com.hospital.data.DataManager - Adding IT support: Mike Brown
2024-12-05 15:09:31.543 [main] INFO  com.hospital.data.DataManager - Adding dietician: Sarah Johnson
2024-12-05 15:09:31.543 [main] INFO  com.hospital.data.DataManager - Adding hospital: City General Hospital
2024-12-05 15:09:44.261 [AWT-EventQueue-0] INFO  com.hospital.security.AuthService - Attempting login for user: patient
2024-12-05 15:10:51.560 [AWT-EventQueue-0] INFO  com.hospital.views.BaseDashboard - User patient logged out
2024-12-05 15:10:55.571 [AWT-EventQueue-0] INFO  com.hospital.security.AuthService - Attempting login for user: doctor
2024-12-05 15:11:30.443 [AWT-EventQueue-0] INFO  com.hospital.views.BaseDashboard - User doctor logged out
2024-12-05 15:11:36.619 [AWT-EventQueue-0] INFO  com.hospital.security.AuthService - Attempting login for user: patient
2024-12-05 15:11:49.994 [AWT-EventQueue-0] INFO  com.hospital.views.BaseDashboard - User patient logged out
2024-12-05 15:11:55.550 [AWT-EventQueue-0] INFO  com.hospital.security.AuthService - Attempting login for user: patient
2024-12-05 15:12:25.325 [AWT-EventQueue-0] INFO  com.hospital.views.BaseDashboard - User patient logged out
2024-12-05 15:12:34.826 [AWT-EventQueue-0] INFO  com.hospital.security.AuthService - Attempting login for user: labtechnician
2024-12-05 15:12:49.985 [AWT-EventQueue-0] INFO  com.hospital.security.AuthService - Attempting login for user: labtechnicaian
2024-12-05 15:12:57.342 [AWT-EventQueue-0] INFO  com.hospital.security.AuthService - Attempting login for user: labtechnician
2024-12-05 18:58:04.876 [main] INFO  com.hospital.data.DataManager - Adding doctor: Dr. John Smith
2024-12-05 18:58:04.878 [main] INFO  com.hospital.data.DataManager - Adding patient: Jane Doe with ID: 2 to patients map
2024-12-05 18:58:04.878 [main] INFO  com.hospital.data.DataManager - Adding patient: Jane Doe with ID: 2 to users map
2024-12-05 18:58:04.878 [main] INFO  com.hospital.data.DataManager - Successfully added patient to both maps
2024-12-05 18:58:04.878 [main] INFO  com.hospital.data.DataManager - Adding pharmacist: Bob Wilson
2024-12-05 18:58:04.878 [main] INFO  com.hospital.data.DataManager - Adding IT support: Mike Brown
2024-12-05 18:58:04.878 [main] INFO  com.hospital.data.DataManager - Adding dietician: Sarah Johnson
2024-12-05 18:58:04.878 [main] INFO  com.hospital.data.DataManager - Adding hospital: City General Hospital
2024-12-05 18:58:44.850 [main] INFO  com.hospital.data.DataManager - Adding doctor: Dr. John Smith
2024-12-05 18:58:44.852 [main] INFO  com.hospital.data.DataManager - Adding patient: Jane Doe with ID: 2 to patients map
2024-12-05 18:58:44.852 [main] INFO  com.hospital.data.DataManager - Adding patient: Jane Doe with ID: 2 to users map
2024-12-05 18:58:44.852 [main] INFO  com.hospital.data.DataManager - Successfully added patient to both maps
2024-12-05 18:58:44.852 [main] INFO  com.hospital.data.DataManager - Adding pharmacist: Bob Wilson
2024-12-05 18:58:44.852 [main] INFO  com.hospital.data.DataManager - Adding IT support: Mike Brown
2024-12-05 18:58:44.852 [main] INFO  com.hospital.data.DataManager - Adding dietician: Sarah Johnson
2024-12-05 18:58:44.853 [main] INFO  com.hospital.data.DataManager - Adding hospital: City General Hospital
2024-12-05 18:58:56.643 [AWT-EventQueue-0] INFO  com.hospital.security.AuthService - Attempting login for user: doctor
2024-12-05 19:00:23.290 [AWT-EventQueue-0] INFO  com.hospital.views.BaseDashboard - User doctor logged out
2024-12-05 19:00:33.510 [AWT-EventQueue-0] INFO  com.hospital.security.AuthService - Attempting login for user: doctor
2024-12-05 19:00:58.559 [AWT-EventQueue-0] INFO  com.hospital.views.BaseDashboard - User doctor logged out
2024-12-05 19:01:04.636 [AWT-EventQueue-0] INFO  com.hospital.security.AuthService - Attempting login for user: patient
2024-12-05 19:16:40.346 [main] INFO  com.hospital.data.DataManager - Adding doctor: Dr. John Smith
2024-12-05 19:16:40.348 [main] INFO  com.hospital.data.DataManager - Adding patient: Jane Doe with ID: 2 to patients map
2024-12-05 19:16:40.348 [main] INFO  com.hospital.data.DataManager - Adding patient: Jane Doe with ID: 2 to users map
2024-12-05 19:16:40.348 [main] INFO  com.hospital.data.DataManager - Successfully added patient to both maps
2024-12-05 19:16:40.348 [main] INFO  com.hospital.data.DataManager - Adding pharmacist: Bob Wilson
2024-12-05 19:16:40.348 [main] INFO  com.hospital.data.DataManager - Adding IT support: Mike Brown
2024-12-05 19:16:40.348 [main] INFO  com.hospital.data.DataManager - Adding dietician: Sarah Johnson
2024-12-05 19:16:40.348 [main] INFO  com.hospital.data.DataManager - Adding hospital: City General Hospital
2024-12-05 19:16:49.746 [AWT-EventQueue-0] INFO  com.hospital.security.AuthService - Attempting login for user: doctor
2024-12-05 19:17:09.829 [AWT-EventQueue-0] INFO  com.hospital.views.BaseDashboard - User doctor logged out
2024-12-05 19:17:23.829 [AWT-EventQueue-0] INFO  com.hospital.security.AuthService - Attempting login for user: doctor
2024-12-05 19:17:28.162 [AWT-EventQueue-0] INFO  com.hospital.views.BaseDashboard - User doctor logged out
2024-12-05 19:48:04.305 [main] INFO  com.hospital.data.DataManager - Adding doctor: Dr. John Smith
2024-12-05 19:48:04.307 [main] INFO  com.hospital.data.DataManager - Adding patient: Jane Doe with ID: 2 to patients map
2024-12-05 19:48:04.307 [main] INFO  com.hospital.data.DataManager - Adding patient: Jane Doe with ID: 2 to users map
2024-12-05 19:48:04.307 [main] INFO  com.hospital.data.DataManager - Successfully added patient to both maps
2024-12-05 19:48:04.307 [main] INFO  com.hospital.data.DataManager - Adding pharmacist: Bob Wilson
2024-12-05 19:48:04.307 [main] INFO  com.hospital.data.DataManager - Adding IT support: Mike Brown
2024-12-05 19:48:04.307 [main] INFO  com.hospital.data.DataManager - Adding dietician: Sarah Johnson
2024-12-05 19:48:04.307 [main] INFO  com.hospital.data.DataManager - Adding hospital: City General Hospital
