2024-12-05 00:48:31.244 [main] INFO  com.hospital.data.DataManager - Adding doctor: Dr. John Smith
2024-12-05 00:48:31.248 [main] INFO  com.hospital.data.DataManager - Adding patient: Jane Doe with ID: 2 to patients map
2024-12-05 00:48:31.249 [main] INFO  com.hospital.data.DataManager - Adding patient: Jane Doe with ID: 2 to users map
2024-12-05 00:48:31.249 [main] INFO  com.hospital.data.DataManager - Successfully added patient to both maps
2024-12-05 00:48:31.249 [main] INFO  com.hospital.data.DataManager - Adding pharmacist: Bob Wilson
2024-12-05 00:48:31.249 [main] INFO  com.hospital.data.DataManager - Adding IT support: Mike Brown
2024-12-05 00:48:31.250 [main] INFO  com.hospital.data.DataManager - Adding dietician: Sarah Johnson
2024-12-05 00:48:31.250 [main] INFO  com.hospital.data.DataManager - Adding hospital: City General Hospital
2024-12-05 00:48:43.770 [AWT-EventQueue-0] INFO  com.hospital.security.AuthService - Attempting login for user: patient
2024-12-05 00:48:45.520 [AWT-EventQueue-0] INFO  com.hospital.views.BaseDashboard - User patient logged out
2024-12-05 11:34:27.174 [main] INFO  com.hospital.data.DataManager - Adding doctor: Dr. John Smith
2024-12-05 11:34:27.175 [main] INFO  com.hospital.data.DataManager - Adding patient: Jane Doe with ID: 2 to patients map
2024-12-05 11:34:27.175 [main] INFO  com.hospital.data.DataManager - Adding patient: Jane Doe with ID: 2 to users map
2024-12-05 11:34:27.175 [main] INFO  com.hospital.data.DataManager - Successfully added patient to both maps
2024-12-05 11:34:27.176 [main] INFO  com.hospital.data.DataManager - Adding pharmacist: Bob Wilson
2024-12-05 11:34:27.176 [main] INFO  com.hospital.data.DataManager - Adding IT support: Mike Brown
2024-12-05 11:34:27.176 [main] INFO  com.hospital.data.DataManager - Adding dietician: Sarah Johnson
2024-12-05 11:34:27.176 [main] INFO  com.hospital.data.DataManager - Adding hospital: City General Hospital
2024-12-05 11:34:34.740 [AWT-EventQueue-0] INFO  com.hospital.security.AuthService - Attempting login for user: doctor
2024-12-05 11:34:35.880 [AWT-EventQueue-0] INFO  com.hospital.views.BaseDashboard - User doctor logged out
